-------------------------------------------------------------------------------
Test set: SimpleTest
-------------------------------------------------------------------------------
Tests run: 4, Failures: 1, Errors: 0, Skipped: 0, Time elapsed: 0.739 s <<< FAILURE! - in SimpleTest
tc4(SimpleTest)  Time elapsed: 0.026 s  <<< FAILURE!
java.lang.AssertionError: Assertion message false
	at SimpleTest.tc4(SimpleTest.java:94)

